17:24:41: Creating resource group General
17:24:41: Creating resource group Internal
17:24:41: Creating resource group Autodetect
17:24:41: SceneManagerFactory for type 'DefaultSceneManager' registered.
17:24:41: Registering ResourceManager for type Material
17:24:41: Registering ResourceManager for type Mesh
17:24:41: Registering ResourceManager for type Skeleton
17:24:41: MovableObjectFactory for type 'ParticleSystem' registered.
17:24:41: OverlayElementFactory for type Panel registered.
17:24:41: OverlayElementFactory for type BorderPanel registered.
17:24:41: OverlayElementFactory for type TextArea registered.
17:24:41: Registering ResourceManager for type Font
17:24:41: ArchiveFactory for archive type FileSystem registered.
17:24:41: ArchiveFactory for archive type Zip registered.
17:24:41: FreeImage version: 3.10.0
17:24:41: This program uses FreeImage, a free, open source image library supporting all common bitmap formats. See http://freeimage.sourceforge.net for details
17:24:41: Supported formats: bmp,ico,jpg,jif,jpeg,jpe,jng,koa,iff,lbm,mng,pbm,pbm,pcd,pcx,pgm,pgm,png,ppm,ppm,ras,tga,targa,tif,tiff,wap,wbmp,wbm,psd,cut,xbm,xpm,gif,hdr,g3,sgi,exr,j2k,j2c,jp2
17:24:41: DDS codec registering
17:24:41: Registering ResourceManager for type HighLevelGpuProgram
17:24:41: Registering ResourceManager for type Compositor
17:24:41: MovableObjectFactory for type 'Entity' registered.
17:24:41: MovableObjectFactory for type 'Light' registered.
17:24:41: MovableObjectFactory for type 'BillboardSet' registered.
17:24:41: MovableObjectFactory for type 'ManualObject' registered.
17:24:41: MovableObjectFactory for type 'BillboardChain' registered.
17:24:41: MovableObjectFactory for type 'RibbonTrail' registered.
17:24:41: *-*-* OGRE Initialising
17:24:41: *-*-* Version 1.6.3 (Shoggoth)
17:24:41: Loading library RenderSystem_GL
17:24:41: Installing plugin: GL RenderSystem
17:24:41: OpenGL Rendering Subsystem created.
17:24:41: Plugin successfully installed
17:24:41: Loading library Plugin_OctreeSceneManager
17:24:41: Installing plugin: Octree & Terrain Scene Manager
17:24:41: Plugin successfully installed
17:24:41: Loading library Plugin_ParticleFX
17:24:41: Installing plugin: ParticleFX
17:24:41: Particle Emitter Type 'Point' registered
17:24:41: Particle Emitter Type 'Box' registered
17:24:41: Particle Emitter Type 'Ellipsoid' registered
17:24:41: Particle Emitter Type 'Cylinder' registered
17:24:41: Particle Emitter Type 'Ring' registered
17:24:41: Particle Emitter Type 'HollowEllipsoid' registered
17:24:41: Particle Affector Type 'LinearForce' registered
17:24:41: Particle Affector Type 'ColourFader' registered
17:24:41: Particle Affector Type 'ColourFader2' registered
17:24:41: Particle Affector Type 'ColourImage' registered
17:24:41: Particle Affector Type 'ColourInterpolator' registered
17:24:41: Particle Affector Type 'Scaler' registered
17:24:41: Particle Affector Type 'Rotator' registered
17:24:41: Particle Affector Type 'DirectionRandomiser' registered
17:24:41: Particle Affector Type 'DeflectorPlane' registered
17:24:41: Plugin successfully installed
17:24:41: Loading library Plugin_CgProgramManager
17:24:41: Installing plugin: Cg Program Manager
17:24:41: Plugin successfully installed
17:24:41: CPU Identifier & Features
17:24:41: -------------------------
17:24:41:  *   CPU ID: GenuineIntel: Intel(R) Core(TM)2 Duo CPU     E7200  @ 2.53GHz
17:24:41:  *      SSE: yes
17:24:41:  *     SSE2: yes
17:24:41:  *     SSE3: yes
17:24:41:  *      MMX: yes
17:24:41:  *   MMXEXT: yes
17:24:41:  *    3DNOW: no
17:24:41:  * 3DNOWEXT: no
17:24:41:  *     CMOV: yes
17:24:41:  *      TSC: yes
17:24:41:  *      FPU: yes
17:24:41:  *      PRO: yes
17:24:41:  *       HT: no
17:24:41: -------------------------
17:24:41: ******************************
*** Starting GLX Subsystem ***
******************************
17:24:41: Creating resource group ogre_tools
17:24:41: Added resource location '/opt/ros/boxturtle/stacks/visualization_common/ogre_tools/media' of type 'FileSystem' to resource group 'ogre_tools'
17:24:41: Added resource location '/opt/ros/boxturtle/stacks/visualization_common/ogre_tools/media/fonts' of type 'FileSystem' to resource group 'ogre_tools'
17:24:41: Added resource location '/opt/ros/boxturtle/stacks/visualization_common/ogre_tools/media/models' of type 'FileSystem' to resource group 'ogre_tools'
17:24:41: Added resource location '/opt/ros/boxturtle/stacks/visualization_common/ogre_tools/media/materials' of type 'FileSystem' to resource group 'ogre_tools'
17:24:41: Added resource location '/opt/ros/boxturtle/stacks/visualization_common/ogre_tools/media/materials/scripts' of type 'FileSystem' to resource group 'ogre_tools'
17:24:41: Added resource location '/opt/ros/boxturtle/stacks/visualization_common/ogre_tools/media/materials/programs' of type 'FileSystem' to resource group 'ogre_tools'
17:24:41: GLRenderSystem::_createRenderWindow "OgreRenderWindow1", 1674x974 windowed  miscParams: externalWindowHandle=138236544:0:77594700:140426608 
17:24:41: GLXWindow::create: The externalWindowHandle parameter is deprecated.
Use the parentWindowHandle or currentGLContext parameter instead.
17:24:42: GLXWindow::create used FBConfigID = 35
17:24:42: GL_VERSION = 3.2.9756 Compatibility Profile Context
17:24:42: GL_VENDOR = ATI Technologies Inc.
17:24:42: GL_RENDERER = ATI Radeon HD 2400 PRO
17:24:42: GL_EXTENSIONS = GL_AMDX_name_gen_delete GL_AMD_conservative_depth GL_AMD_draw_buffers_blend GL_AMD_performance_monitor GL_AMD_shader_stencil_export GL_ARB_color_buffer_float GL_ARB_copy_buffer GL_ARB_depth_buffer_float GL_ARB_depth_clamp GL_ARB_depth_texture GL_ARB_draw_buffers GL_ARB_draw_buffers_blend GL_ARB_draw_elements_base_vertex GL_ARB_draw_instanced GL_ARB_fragment_coord_conventions GL_ARB_fragment_program GL_ARB_fragment_program_shadow GL_ARB_fragment_shader GL_ARB_framebuffer_object GL_ARB_framebuffer_sRGB GL_ARB_geometry_shader4 GL_ARB_half_float_pixel GL_ARB_half_float_vertex GL_ARB_imaging GL_ARB_instanced_arrays GL_ARB_map_buffer_range GL_ARB_multisample GL_ARB_multitexture GL_ARB_occlusion_query GL_ARB_pixel_buffer_object GL_ARB_point_parameters GL_ARB_point_sprite GL_ARB_provoking_vertex GL_ARB_seamless_cube_map GL_ARB_shader_objects GL_ARB_shader_texture_lod GL_ARB_shading_language_100 GL_ARB_shadow GL_ARB_shadow_ambient GL_ARB_sync GL_ARB_texture_border_clamp GL_ARB_texture_buffer_object GL_ARB_texture_compression GL_ARB_texture_compression_rgtc GL_ARB_texture_cube_map GL_ARB_texture_env_add GL_ARB_texture_env_combine GL_ARB_texture_env_crossbar GL_ARB_texture_env_dot3 GL_ARB_texture_float GL_ARB_texture_mirrored_repeat GL_ARB_texture_multisample GL_ARB_texture_non_power_of_two GL_ARB_texture_rectangle GL_ARB_texture_rg GL_ARB_texture_snorm GL_ARB_transpose_matrix GL_ARB_uniform_buffer_object GL_ARB_vertex_array_bgra GL_ARB_vertex_array_object GL_ARB_vertex_buffer_object GL_ARB_vertex_program GL_ARB_vertex_shader GL_ARB_window_pos GL_ATI_draw_buffers GL_ATI_envmap_bumpmap GL_ATI_fragment_shader GL_ATI_meminfo GL_ATI_separate_stencil GL_ATI_texture_compression_3dc GL_ATI_texture_env_combine3 GL_ATI_texture_float GL_ATI_texture_mirror_once GL_EXT_abgr GL_EXT_bgra GL_EXT_bindable_uniform GL_EXT_blend_color GL_EXT_blend_equation_separate GL_EXT_blend_func_separate GL_EXT_blend_minmax GL_EXT_blend_subtract GL_EXT_compiled_vertex_array GL_EXT_copy_buffer GL_EXT_copy_texture GL_EXT_draw_buffers2 GL_EXT_draw_instanced GL_EXT_draw_range_elements GL_EXT_fog_coord GL_EXT_framebuffer_blit GL_EXT_framebuffer_multisample GL_EXT_framebuffer_object GL_EXT_framebuffer_sRGB GL_EXT_geometry_shader4 GL_EXT_gpu_program_parameters GL_EXT_gpu_shader4 GL_EXT_histogram GL_EXT_multi_draw_arrays GL_EXT_packed_depth_stencil GL_EXT_packed_float GL_EXT_packed_pixels GL_EXT_pixel_buffer_object GL_EXT_point_parameters GL_EXT_provoking_vertex GL_EXT_rescale_normal GL_EXT_secondary_color GL_EXT_separate_specular_color GL_EXT_shadow_funcs GL_EXT_stencil_wrap GL_EXT_subtexture GL_EXT_texgen_reflection GL_EXT_texture3D GL_EXT_texture_array GL_EXT_texture_buffer_object GL_EXT_texture_buffer_object_rgb32 GL_EXT_texture_compression_latc GL_EXT_texture_compression_rgtc GL_EXT_texture_compression_s3tc GL_EXT_texture_cube_map GL_EXT_texture_edge_clamp GL_EXT_texture_env_add GL_EXT_texture_env_combine GL_EXT_texture_env_dot3 GL_EXT_texture_filter_anisotropic GL_EXT_texture_integer GL_EXT_texture_lod GL_EXT_texture_lod_bias GL_EXT_texture_mirror_clamp GL_EXT_texture_object GL_EXT_texture_rectangle GL_EXT_texture_sRGB GL_EXT_texture_shared_exponent GL_EXT_texture_snorm GL_EXT_texture_swizzle GL_EXT_timer_query GL_EXT_transform_feedback GL_EXT_vertex_array GL_EXT_vertex_array_bgra GL_IBM_texture_mirrored_repeat GL_KTX_buffer_region GL_NV_blend_square GL_NV_conditional_render GL_NV_copy_depth_to_color GL_NV_explicit_multisample GL_NV_primitive_restart GL_NV_texgen_reflection GL_SGIS_generate_mipmap GL_SGIS_texture_edge_clamp GL_SGIS_texture_lod GL_SUN_multi_draw_arrays GL_WIN_swap_hint WGL_EXT_swap_control
17:24:42: Supported GLX extensions: GLX_ARB_create_context GLX_ARB_create_context_profile GLX_ARB_get_proc_address GLX_ARB_multisample GLX_EXT_import_context GLX_EXT_visual_info GLX_EXT_visual_rating GLX_MESA_swap_control GLX_NV_swap_group GLX_OML_swap_method GLX_SGI_make_current_read GLX_SGI_swap_control GLX_SGI_video_sync GLX_SGIS_multisample GLX_SGIX_fbconfig GLX_SGIX_pbuffer GLX_SGIX_swap_barrier GLX_SGIX_swap_group GLX_SGIX_visual_select_group GLX_EXT_texture_from_pixmap 
17:24:42: ***************************
17:24:42: *** GL Renderer Started ***
17:24:42: ***************************
17:24:42: Registering ResourceManager for type GpuProgram
17:24:42: GLSL support detected
17:24:42: GL: Using GL_EXT_framebuffer_object for rendering to textures (best)
17:24:42: FBO PF_UNKNOWN depth/stencil support: D0S1 D0S4 D0S8 D0S16 D16S0 D24S0 D32S0 Packed-D24S8 
17:24:42: FBO PF_L8 depth/stencil support: D0S0 D0S1 D0S4 D0S8 D0S16 D16S0 D24S0 D32S0 Packed-D24S8 
17:24:42: FBO PF_L16 depth/stencil support: D0S0 D0S1 D0S4 D0S8 D0S16 D16S0 D24S0 D32S0 Packed-D24S8 
17:24:42: FBO PF_A8 depth/stencil support: D0S0 D0S1 D0S4 D0S8 D0S16 D16S0 D24S0 D32S0 Packed-D24S8 
17:24:42: FBO PF_A4L4 depth/stencil support: D0S0 D0S1 D0S4 D0S8 D0S16 D16S0 D24S0 D32S0 Packed-D24S8 
17:24:42: FBO PF_BYTE_LA depth/stencil support: D0S0 D0S1 D0S4 D0S8 D0S16 D16S0 D24S0 D32S0 Packed-D24S8 
17:24:42: FBO PF_R5G6B5 depth/stencil support: D0S0 D0S1 D0S4 D0S8 D0S16 D16S0 D24S0 D32S0 Packed-D24S8 
17:24:42: FBO PF_B5G6R5 depth/stencil support: D0S0 D0S1 D0S4 D0S8 D0S16 D16S0 D24S0 D32S0 Packed-D24S8 
17:24:42: FBO PF_A4R4G4B4 depth/stencil support: D0S0 D0S1 D0S4 D0S8 D0S16 D16S0 D24S0 D32S0 Packed-D24S8 
17:24:42: FBO PF_A1R5G5B5 depth/stencil support: D0S0 D0S1 D0S4 D0S8 D0S16 D16S0 D24S0 D32S0 Packed-D24S8 
17:24:42: FBO PF_R8G8B8 depth/stencil support: D0S0 D0S1 D0S4 D0S8 D0S16 D16S0 D24S0 D32S0 Packed-D24S8 
17:24:42: FBO PF_B8G8R8 depth/stencil support: D0S0 D0S1 D0S4 D0S8 D0S16 D16S0 D24S0 D32S0 Packed-D24S8 
17:24:42: FBO PF_A8R8G8B8 depth/stencil support: D0S0 D0S1 D0S4 D0S8 D0S16 D16S0 D24S0 D32S0 Packed-D24S8 
17:24:42: FBO PF_B8G8R8A8 depth/stencil support: D0S0 D0S1 D0S4 D0S8 D0S16 D16S0 D24S0 D32S0 Packed-D24S8 
17:24:42: FBO PF_A2R10G10B10 depth/stencil support: D0S0 D0S1 D0S4 D0S8 D0S16 D16S0 D24S0 D32S0 Packed-D24S8 
17:24:42: FBO PF_A2B10G10R10 depth/stencil support: D0S0 D0S1 D0S4 D0S8 D0S16 D16S0 D24S0 D32S0 Packed-D24S8 
17:24:42: FBO PF_FLOAT16_RGB depth/stencil support: D0S0 D0S1 D0S4 D0S8 D0S16 D16S0 D24S0 D32S0 Packed-D24S8 
17:24:42: FBO PF_FLOAT16_RGBA depth/stencil support: D0S0 D0S1 D0S4 D0S8 D0S16 D16S0 D24S0 D32S0 Packed-D24S8 
17:24:42: FBO PF_FLOAT32_RGB depth/stencil support: D0S0 D0S1 D0S4 D0S8 D0S16 D16S0 D24S0 D32S0 Packed-D24S8 
17:24:42: FBO PF_FLOAT32_RGBA depth/stencil support: D0S0 D0S1 D0S4 D0S8 D0S16 D16S0 D24S0 D32S0 Packed-D24S8 
17:24:42: FBO PF_X8R8G8B8 depth/stencil support: D0S0 D0S1 D0S4 D0S8 D0S16 D16S0 D24S0 D32S0 Packed-D24S8 
17:24:42: FBO PF_X8B8G8R8 depth/stencil support: D0S0 D0S1 D0S4 D0S8 D0S16 D16S0 D24S0 D32S0 Packed-D24S8 
17:24:42: FBO PF_SHORT_RGBA depth/stencil support: D0S0 D0S1 D0S4 D0S8 D0S16 D16S0 D24S0 D32S0 Packed-D24S8 
17:24:42: FBO PF_R3G3B2 depth/stencil support: D0S0 D0S1 D0S4 D0S8 D0S16 D16S0 D24S0 D32S0 Packed-D24S8 
17:24:42: FBO PF_FLOAT16_R depth/stencil support: D0S0 D0S1 D0S4 D0S8 D0S16 D16S0 D24S0 D32S0 Packed-D24S8 
17:24:42: FBO PF_FLOAT32_R depth/stencil support: D0S0 D0S1 D0S4 D0S8 D0S16 D16S0 D24S0 D32S0 Packed-D24S8 
17:24:42: FBO PF_SHORT_GR depth/stencil support: D0S0 D0S1 D0S4 D0S8 D0S16 D16S0 D24S0 D32S0 Packed-D24S8 
17:24:42: FBO PF_FLOAT16_GR depth/stencil support: D0S0 D0S1 D0S4 D0S8 D0S16 D16S0 D24S0 D32S0 Packed-D24S8 
17:24:42: FBO PF_FLOAT32_GR depth/stencil support: D0S0 D0S1 D0S4 D0S8 D0S16 D16S0 D24S0 D32S0 Packed-D24S8 
17:24:42: FBO PF_SHORT_RGB depth/stencil support: D0S0 D0S1 D0S4 D0S8 D0S16 D16S0 D24S0 D32S0 Packed-D24S8 
17:24:42: [GL] : Valid FBO targets PF_UNKNOWN PF_L8 PF_L16 PF_A8 PF_A4L4 PF_BYTE_LA PF_R5G6B5 PF_B5G6R5 PF_A4R4G4B4 PF_A1R5G5B5 PF_R8G8B8 PF_B8G8R8 PF_A8R8G8B8 PF_B8G8R8A8 PF_A2R10G10B10 PF_A2B10G10R10 PF_FLOAT16_RGB PF_FLOAT16_RGBA PF_FLOAT32_RGB PF_FLOAT32_RGBA PF_X8R8G8B8 PF_X8B8G8R8 PF_SHORT_RGBA PF_R3G3B2 PF_FLOAT16_R PF_FLOAT32_R PF_SHORT_GR PF_FLOAT16_GR PF_FLOAT32_GR PF_SHORT_RGB 
17:24:42: RenderSystem capabilities
17:24:42: -------------------------
17:24:42: RenderSystem Name: OpenGL Rendering Subsystem
17:24:42: GPU Vendor: ati
17:24:42: Device Name: ATI Radeon HD 2400 PRO
17:24:42: Driver Version: 3.2.9756.0
17:24:42:  * Fixed function pipeline: yes
17:24:42:  * Hardware generation of mipmaps: no
17:24:42:  * Texture blending: yes
17:24:42:  * Anisotropic texture filtering: yes
17:24:42:  * Dot product texture operation: yes
17:24:42:  * Cube mapping: yes
17:24:42:  * Hardware stencil buffer: yes
17:24:42:    - Stencil depth: 8
17:24:42:    - Two sided stencil support: yes
17:24:42:    - Wrap stencil values: yes
17:24:42:  * Hardware vertex / index buffers: yes
17:24:42:  * Vertex programs: yes
17:24:42:  * Fragment programs: yes
17:24:42:  * Geometry programs: yes
17:24:42:  * Supported Shader Profiles: arbfp1 arbvp1 glsl gp4gp gpu_gp nvgp4 ps_1_1 ps_1_2 ps_1_3 ps_1_4
17:24:42:  * Texture Compression: yes
17:24:42:    - DXT: yes
17:24:42:    - VTC: no
17:24:42:  * Scissor Rectangle: yes
17:24:42:  * Hardware Occlusion Query: yes
17:24:42:  * User clip planes: yes
17:24:42:  * VET_UBYTE4 vertex element type: yes
17:24:42:  * Infinite far plane projection: yes
17:24:42:  * Hardware render-to-texture: yes
17:24:42:  * Floating point textures: yes
17:24:42:  * Non-power-of-two textures: yes
17:24:42:  * Volume textures: yes
17:24:42:  * Multiple Render Targets: 8
17:24:42:    - With different bit depths: yes
17:24:42:  * Point Sprites: yes
17:24:42:  * Extended point parameters: yes
17:24:42:  * Max Point Size: 8192
17:24:42:  * Vertex texture fetch: yes
17:24:42:    - Max vertex textures: 16
17:24:42:    - Vertex textures shared: yes
17:24:42:  * Render to Vertex Buffer : no
17:24:42:  * GL 1.5 without VBO workaround: no
17:24:42:  * Frame Buffer objects: yes
17:24:42:  * Frame Buffer objects (ARB extension): no
17:24:42:  * Frame Buffer objects (ATI extension): no
17:24:42:  * PBuffer suppport: no
17:24:42:  * GL 1.5 without HW-occlusion workaround: no
17:24:42: Registering ResourceManager for type Texture
17:24:42: ResourceBackgroundQueue - threading disabled
17:24:42: Particle Renderer Type 'billboard' registered
17:24:42: SceneManagerFactory for type 'OctreeSceneManager' registered.
17:24:42: SceneManagerFactory for type 'TerrainSceneManager' registered.
17:24:42: Added resource location '/opt/ros/boxturtle/stacks/visualization/rviz/ogre_media/textures' of type 'FileSystem' to resource group 'General'
17:24:42: Parsing scripts for resource group Autodetect
17:24:42: Finished parsing scripts for resource group Autodetect
17:24:42: Parsing scripts for resource group General
17:24:42: Finished parsing scripts for resource group General
17:24:42: Parsing scripts for resource group Internal
17:24:42: Finished parsing scripts for resource group Internal
17:24:42: Parsing scripts for resource group ogre_tools
17:24:42: Parsing script point_cloud_box.program
17:24:42: Parsing script point_cloud_billboard.program
17:24:42: Parsing script point_cloud_point.program
17:24:42: Parsing script passthrough.program
17:24:42: Parsing script point_cloud_box.material
17:24:42: Parsing script point_cloud_point.material
17:24:42: Parsing script point_cloud_billboard.material
17:24:42: Parsing script arial.fontdef
17:24:42: Finished parsing scripts for resource group ogre_tools
17:24:42: Mesh: Loading ogre_tools_sphere.mesh.
17:24:42: Mesh: Loading ogre_tools_cylinder.mesh.
17:24:42: Mesh: Loading ogre_tools_cone.mesh.
17:24:42: Texture: SelectionRect0Texture: Loading 1 faces(PF_R8G8B8A8,1x1x1) with 0 generated mipmaps from Image. Internal format is PF_A8R8G8B8,1x1x1.
17:26:34: *-*-* OGRE Shutdown
17:26:34: Unregistering ResourceManager for type Compositor
17:26:34: Unregistering ResourceManager for type Font
17:26:34: Unregistering ResourceManager for type Skeleton
17:26:34: Unregistering ResourceManager for type Mesh
17:26:34: Unregistering ResourceManager for type HighLevelGpuProgram
17:26:34: Uninstalling plugin: Cg Program Manager
17:26:34: Plugin successfully uninstalled
17:26:34: Unloading library Plugin_CgProgramManager
17:26:34: Uninstalling plugin: ParticleFX
17:26:34: Plugin successfully uninstalled
17:26:34: Unloading library Plugin_ParticleFX
17:26:34: Uninstalling plugin: Octree & Terrain Scene Manager
17:26:34: Plugin successfully uninstalled
17:26:34: Unloading library Plugin_OctreeSceneManager
17:26:34: Uninstalling plugin: GL RenderSystem
17:26:34: Unregistering ResourceManager for type GpuProgram
17:26:34: ******************************
*** Stopping GLX Subsystem ***
******************************
17:26:34: Unregistering ResourceManager for type Texture
